<?xml version="1.0" encoding="UTF-8"?>
<!-- Generated by org.testng.reporters.JUnitReportReporter -->
<testsuite hostname="AsusVivobook15" failures="0" tests="4" name="pckgaeO.Login0" time="25.774" errors="0" timestamp="2025-09-02T11:21:08 IST" skipped="2">
  <testcase classname="pckgaeO.Login0" name="Login_002" time="12.170"/>
  <system-out/>
  <testcase classname="pckgaeO.Login0" name="Login_001" time="13.604"/>
  <system-out/>
  <testcase classname="pckgaeO.Login0" name="Login_004">
    <skipped/>
  </testcase> <!-- Login_004 -->
  <system-out/>
  <testcase classname="pckgaeO.Login0" name="Login_003">
    <skipped/>
  </testcase> <!-- Login_003 -->
  <system-out/>
</testsuite> <!-- pckgaeO.Login0 -->
