<?xml version="1.0" encoding="UTF-8"?>
<!-- Generated by org.testng.reporters.JUnitReportReporter -->
<testsuite hostname="AsusVivobook15" failures="0" tests="4" name="pckgaeO.Login0" time="27.510" errors="0" timestamp="2025-08-17T16:50:55 IST" skipped="3">
  <testcase classname="pckgaeO.Login0" name="Login_004" time="27.510"/>
  <system-out/>
  <testcase classname="pckgaeO.Login0" name="Login_002">
    <skipped/>
  </testcase> <!-- Login_002 -->
  <system-out/>
  <testcase classname="pckgaeO.Login0" name="Login_003">
    <skipped/>
  </testcase> <!-- Login_003 -->
  <system-out/>
  <testcase classname="pckgaeO.Login0" name="Login_001">
    <skipped/>
  </testcase> <!-- Login_001 -->
  <system-out/>
</testsuite> <!-- pckgaeO.Login0 -->
